{
  "stats": {
    "suites": 1,
    "tests": 1,
    "passes": 0,
    "pending": 0,
    "failures": 1,
    "start": "2023-04-19T20:08:32.425Z",
    "end": "2023-04-19T20:09:12.068Z",
    "duration": 39643,
    "testsRegistered": 1,
    "passPercent": 0,
    "pendingPercent": 0,
    "other": 0,
    "hasOther": false,
    "skipped": 0,
    "hasSkipped": false
  },
  "results": [
    {
      "uuid": "1466b505-2fee-444e-9ef0-61817de6e99b",
      "title": "",
      "fullFile": "cypress\\tests\\e2e\\test\\test1.cy.js",
      "file": "cypress\\tests\\e2e\\test\\test1.cy.js",
      "beforeHooks": [],
      "afterHooks": [],
      "tests": [],
      "suites": [
        {
          "uuid": "c0626a6e-df8d-40c6-a58b-f21a5a9a35fb",
          "title": "Nasz pierwszy blok testów",
          "fullFile": "",
          "file": "",
          "beforeHooks": [],
          "afterHooks": [],
          "tests": [
            {
              "title": "Test z wizytą w siedzibie LMS",
              "fullTitle": "Nasz pierwszy blok testów Test z wizytą w siedzibie LMS",
              "timedOut": null,
              "duration": 32468,
              "state": "failed",
              "speed": null,
              "pass": false,
              "fail": true,
              "pending": false,
              "context": null,
              "code": "// cypress code\ncy.visit(\"https://www.edu.goit.global/account/login\");\ncy.get(\"#user_email\").click();\ncy.get(\"#user_email\").type(\"user888@gmail.com\");\ncy.get(\"#user_password\").type(\"1234567890\");\ncy.get(\".css-1jphuq5\").click();\ncy.get(\".css-7afvtf\").click();\ncy.get(\":nth-child(9) > .css-bve2vl\").click();",
              "err": {
                "message": "AssertionError: Timed out retrying after 4000ms: Expected to find element: `.css-7afvtf`, but never found it.",
                "estack": "AssertionError: Timed out retrying after 4000ms: Expected to find element: `.css-7afvtf`, but never found it.\n    at Context.eval (webpack:///./cypress/tests/e2e/test/test1.cy.js:10:7)",
                "diff": null
              },
              "uuid": "22c09981-e4b6-4589-9ac4-41713df704ad",
              "parentUUID": "c0626a6e-df8d-40c6-a58b-f21a5a9a35fb",
              "isHook": false,
              "skipped": false
            }
          ],
          "suites": [],
          "passes": [],
          "failures": [
            "22c09981-e4b6-4589-9ac4-41713df704ad"
          ],
          "pending": [],
          "skipped": [],
          "duration": 32468,
          "root": false,
          "rootEmpty": false,
          "_timeout": 2000
        }
      ],
      "passes": [],
      "failures": [],
      "pending": [],
      "skipped": [],
      "duration": 0,
      "root": true,
      "rootEmpty": true,
      "_timeout": 2000
    }
  ],
  "meta": {
    "mocha": {
      "version": "7.0.1"
    },
    "mochawesome": {
      "options": {
        "quiet": false,
        "reportFilename": "mochawesome",
        "saveHtml": true,
        "saveJson": true,
        "consoleReporter": "spec",
        "useInlineDiffs": false,
        "code": true
      },
      "version": "7.1.3"
    },
    "marge": {
      "options": {
        "reportDir": "cypress/results",
        "overwrite": true,
        "html": true,
        "json": true
      },
      "version": "6.2.0"
    }
  }
}